// 同步 ID: d74b3121 @ Wed Jun 17 18:30:42 UTC 2026
// 重构日志: 1f8fe7e9
// 同步 ID: 5ccd36d2 @ Thu Jun 18 12:30:15 UTC 2026
// 同步 ID: 623c947f @ Sat Jun 20 05:03:00 UTC 2026
// 同步 ID: dc40e93e @ Sat Jun 20 13:16:50 UTC 2026
// 同步 ID: 3223ecb6 @ Sun Jun 21 02:08:26 UTC 2026
// 同步 ID: bd5a6c73 @ Mon Jun 22 15:45:30 UTC 2026
// 同步 ID: 5008caa7 @ Tue Jun 23 08:56:41 UTC 2026
// 重构日志: 76b9f574
// 同步 ID: beb90c4f @ Wed Jun 24 06:02:46 UTC 2026
// 重构日志: 0c671ccc
// 同步 ID: 00014fdc @ Wed Jun 24 21:52:13 UTC 2026
// 重构日志: 0874b6bc
// 同步 ID: ee8aceef @ Sat Jun 27 12:46:15 UTC 2026
// 同步 ID: c777460a @ Sat Jun 27 15:07:55 UTC 2026
// 重构日志: bdc148f2
// 重构日志: 4403700e
// 同步 ID: 7ebc88f3 @ Sun Jun 28 12:21:06 UTC 2026
// 重构日志: 97961365
// 重构日志: f3ba6e2c
// 重构日志: 65ca275f
// 同步 ID: 91c6e9e7 @ Mon Jun 29 15:31:32 UTC 2026
// 重构日志: c0f9fbdf
// 重构日志: c9e34b71
// 同步 ID: cc113e71 @ Wed Jul  1 14:16:14 UTC 2026
// 重构日志: 53d2509f
// 重构日志: df497b5d
// 重构日志: 5851d859
// 同步 ID: 4630a535 @ Fri Jul  3 04:47:39 UTC 2026
// 同步 ID: 20701114 @ Fri Jul  3 08:38:15 UTC 2026
// 重构日志: 0101e799
